  OldTask5.cpp
E:\Users\Александр\source\repos\OldTask5\OldTask5\automobile.h(17,16): warning C4566: символ, представленный универсальным именем символа "\uFFFD", невозможно представить в текущей кодовой странице (1251)
  (компиляция исходного файла "OldTask5.cpp")
  
E:\Users\Александр\source\repos\OldTask5\OldTask5\automobile.h(17,79): warning C4566: символ, представленный универсальным именем символа "\uFFFD", невозможно представить в текущей кодовой странице (1251)
  (компиляция исходного файла "OldTask5.cpp")
  
E:\Users\Александр\source\repos\OldTask5\OldTask5\automobile.h(17,146): warning C4566: символ, представленный универсальным именем символа "\uFFFD", невозможно представить в текущей кодовой странице (1251)
  (компиляция исходного файла "OldTask5.cpp")
  
E:\Users\Александр\source\repos\OldTask5\OldTask5\student.h(17,16): warning C4566: символ, представленный универсальным именем символа "\uFFFD", невозможно представить в текущей кодовой странице (1251)
  (компиляция исходного файла "OldTask5.cpp")
  
E:\Users\Александр\source\repos\OldTask5\OldTask5\student.h(17,70): warning C4566: символ, представленный универсальным именем символа "\uFFFD", невозможно представить в текущей кодовой странице (1251)
  (компиляция исходного файла "OldTask5.cpp")
  
E:\Users\Александр\source\repos\OldTask5\OldTask5\student.h(17,141): warning C4566: символ, представленный универсальным именем символа "\uFFFD", невозможно представить в текущей кодовой странице (1251)
  (компиляция исходного файла "OldTask5.cpp")
  
E:\Users\Александр\source\repos\OldTask5\OldTask5\product.h(17,16): warning C4566: символ, представленный универсальным именем символа "\uFFFD", невозможно представить в текущей кодовой странице (1251)
  (компиляция исходного файла "OldTask5.cpp")
  
E:\Users\Александр\source\repos\OldTask5\OldTask5\product.h(17,62): warning C4566: символ, представленный универсальным именем символа "\uFFFD", невозможно представить в текущей кодовой странице (1251)
  (компиляция исходного файла "OldTask5.cpp")
  
E:\Users\Александр\source\repos\OldTask5\OldTask5\product.h(17,128): warning C4566: символ, представленный универсальным именем символа "\uFFFD", невозможно представить в текущей кодовой странице (1251)
  (компиляция исходного файла "OldTask5.cpp")
  
E:\Users\Александр\source\repos\OldTask5\OldTask5\sotrudniki.h(17,16): warning C4566: символ, представленный универсальным именем символа "\uFFFD", невозможно представить в текущей кодовой странице (1251)
  (компиляция исходного файла "OldTask5.cpp")
  
E:\Users\Александр\source\repos\OldTask5\OldTask5\sotrudniki.h(17,75): warning C4566: символ, представленный универсальным именем символа "\uFFFD", невозможно представить в текущей кодовой странице (1251)
  (компиляция исходного файла "OldTask5.cpp")
  
E:\Users\Александр\source\repos\OldTask5\OldTask5\sotrudniki.h(17,151): warning C4566: символ, представленный универсальным именем символа "\uFFFD", невозможно представить в текущей кодовой странице (1251)
  (компиляция исходного файла "OldTask5.cpp")
  
E:\Users\Александр\source\repos\OldTask5\OldTask5\kniga.h(17,16): warning C4566: символ, представленный универсальным именем символа "\uFFFD", невозможно представить в текущей кодовой странице (1251)
  (компиляция исходного файла "OldTask5.cpp")
  
E:\Users\Александр\source\repos\OldTask5\OldTask5\kniga.h(17,76): warning C4566: символ, представленный универсальным именем символа "\uFFFD", невозможно представить в текущей кодовой странице (1251)
  (компиляция исходного файла "OldTask5.cpp")
  
E:\Users\Александр\source\repos\OldTask5\OldTask5\kniga.h(17,129): warning C4566: символ, представленный универсальным именем символа "\uFFFD", невозможно представить в текущей кодовой странице (1251)
  (компиляция исходного файла "OldTask5.cpp")
  
E:\Users\Александр\source\repos\OldTask5\OldTask5\machine.h(17,16): warning C4566: символ, представленный универсальным именем символа "\uFFFD", невозможно представить в текущей кодовой странице (1251)
  (компиляция исходного файла "OldTask5.cpp")
  
E:\Users\Александр\source\repos\OldTask5\OldTask5\machine.h(17,80): warning C4566: символ, представленный универсальным именем символа "\uFFFD", невозможно представить в текущей кодовой странице (1251)
  (компиляция исходного файла "OldTask5.cpp")
  
E:\Users\Александр\source\repos\OldTask5\OldTask5\machine.h(17,148): warning C4566: символ, представленный универсальным именем символа "\uFFFD", невозможно представить в текущей кодовой странице (1251)
  (компиляция исходного файла "OldTask5.cpp")
  
E:\Users\Александр\source\repos\OldTask5\OldTask5\polzovatel.h(17,16): warning C4566: символ, представленный универсальным именем символа "\u00C8", невозможно представить в текущей кодовой странице (1251)
  (компиляция исходного файла "OldTask5.cpp")
  
E:\Users\Александр\source\repos\OldTask5\OldTask5\polzovatel.h(17,16): warning C4566: символ, представленный универсальным именем символа "\u00EC", невозможно представить в текущей кодовой странице (1251)
  (компиляция исходного файла "OldTask5.cpp")
  
E:\Users\Александр\source\repos\OldTask5\OldTask5\polzovatel.h(17,16): warning C4566: символ, представленный универсальным именем символа "\u00FF", невозможно представить в текущей кодовой странице (1251)
  (компиляция исходного файла "OldTask5.cpp")
  
E:\Users\Александр\source\repos\OldTask5\OldTask5\polzovatel.h(17,16): warning C4566: символ, представленный универсальным именем символа "\u00EF", невозможно представить в текущей кодовой странице (1251)
  (компиляция исходного файла "OldTask5.cpp")
  
E:\Users\Александр\source\repos\OldTask5\OldTask5\polzovatel.h(17,16): warning C4566: символ, представленный универсальным именем символа "\u00EE", невозможно представить в текущей кодовой странице (1251)
  (компиляция исходного файла "OldTask5.cpp")
  
E:\Users\Александр\source\repos\OldTask5\OldTask5\polzovatel.h(17,16): warning C4566: символ, представленный универсальным именем символа "\u00EB", невозможно представить в текущей кодовой странице (1251)
  (компиляция исходного файла "OldTask5.cpp")
  
E:\Users\Александр\source\repos\OldTask5\OldTask5\polzovatel.h(17,16): warning C4566: символ, представленный универсальным именем символа "\u00FC", невозможно представить в текущей кодовой странице (1251)
  (компиляция исходного файла "OldTask5.cpp")
  
E:\Users\Александр\source\repos\OldTask5\OldTask5\polzovatel.h(17,16): warning C4566: символ, представленный универсальным именем символа "\u00E7", невозможно представить в текущей кодовой странице (1251)
  (компиляция исходного файла "OldTask5.cpp")
  
E:\Users\Александр\source\repos\OldTask5\OldTask5\polzovatel.h(17,16): warning C4566: символ, представленный универсальным именем символа "\u00E2", невозможно представить в текущей кодовой странице (1251)
  (компиляция исходного файла "OldTask5.cpp")
  
E:\Users\Александр\source\repos\OldTask5\OldTask5\polzovatel.h(17,16): warning C4566: символ, представленный универсальным именем символа "\u00E0", невозможно представить в текущей кодовой странице (1251)
  (компиляция исходного файла "OldTask5.cpp")
  
E:\Users\Александр\source\repos\OldTask5\OldTask5\polzovatel.h(17,16): warning C4566: символ, представленный универсальным именем символа "\u00F2", невозможно представить в текущей кодовой странице (1251)
  (компиляция исходного файла "OldTask5.cpp")
  
E:\Users\Александр\source\repos\OldTask5\OldTask5\polzovatel.h(17,16): warning C4566: символ, представленный универсальным именем символа "\u00E5", невозможно представить в текущей кодовой странице (1251)
  (компиляция исходного файла "OldTask5.cpp")
  
E:\Users\Александр\source\repos\OldTask5\OldTask5\polzovatel.h(17,67): warning C4566: символ, представленный универсальным именем символа "\u00D4", невозможно представить в текущей кодовой странице (1251)
  (компиляция исходного файла "OldTask5.cpp")
  
E:\Users\Александр\source\repos\OldTask5\OldTask5\polzovatel.h(17,67): warning C4566: символ, представленный универсальным именем символа "\u00E0", невозможно представить в текущей кодовой странице (1251)
  (компиляция исходного файла "OldTask5.cpp")
  
E:\Users\Александр\source\repos\OldTask5\OldTask5\polzovatel.h(17,67): warning C4566: символ, представленный универсальным именем символа "\u00EC", невозможно представить в текущей кодовой странице (1251)
  (компиляция исходного файла "OldTask5.cpp")
  
E:\Users\Александр\source\repos\OldTask5\OldTask5\polzovatel.h(17,67): warning C4566: символ, представленный универсальным именем символа "\u00E8", невозможно представить в текущей кодовой странице (1251)
  (компиляция исходного файла "OldTask5.cpp")
  
E:\Users\Александр\source\repos\OldTask5\OldTask5\polzovatel.h(17,67): warning C4566: символ, представленный универсальным именем символа "\u00EB", невозможно представить в текущей кодовой странице (1251)
  (компиляция исходного файла "OldTask5.cpp")
  
E:\Users\Александр\source\repos\OldTask5\OldTask5\polzovatel.h(17,67): warning C4566: символ, представленный универсальным именем символа "\u00FF", невозможно представить в текущей кодовой странице (1251)
  (компиляция исходного файла "OldTask5.cpp")
  
E:\Users\Александр\source\repos\OldTask5\OldTask5\polzovatel.h(17,67): warning C4566: символ, представленный универсальным именем символа "\u00EF", невозможно представить в текущей кодовой странице (1251)
  (компиляция исходного файла "OldTask5.cpp")
  
E:\Users\Александр\source\repos\OldTask5\OldTask5\polzovatel.h(17,67): warning C4566: символ, представленный универсальным именем символа "\u00EE", невозможно представить в текущей кодовой странице (1251)
  (компиляция исходного файла "OldTask5.cpp")
  
E:\Users\Александр\source\repos\OldTask5\OldTask5\polzovatel.h(17,67): warning C4566: символ, представленный универсальным именем символа "\u00FC", невозможно представить в текущей кодовой странице (1251)
  (компиляция исходного файла "OldTask5.cpp")
  
E:\Users\Александр\source\repos\OldTask5\OldTask5\polzovatel.h(17,67): warning C4566: символ, представленный универсальным именем символа "\u00E7", невозможно представить в текущей кодовой странице (1251)
  (компиляция исходного файла "OldTask5.cpp")
  
E:\Users\Александр\source\repos\OldTask5\OldTask5\polzovatel.h(17,67): warning C4566: символ, представленный универсальным именем символа "\u00E2", невозможно представить в текущей кодовой странице (1251)
  (компиляция исходного файла "OldTask5.cpp")
  
E:\Users\Александр\source\repos\OldTask5\OldTask5\polzovatel.h(17,67): warning C4566: символ, представленный универсальным именем символа "\u00F2", невозможно представить в текущей кодовой странице (1251)
  (компиляция исходного файла "OldTask5.cpp")
  
E:\Users\Александр\source\repos\OldTask5\OldTask5\polzovatel.h(17,67): warning C4566: символ, представленный универсальным именем символа "\u00E5", невозможно представить в текущей кодовой странице (1251)
  (компиляция исходного файла "OldTask5.cpp")
  
E:\Users\Александр\source\repos\OldTask5\OldTask5\polzovatel.h(17,130): warning C4566: символ, представленный универсальным именем символа "\u00CB", невозможно представить в текущей кодовой странице (1251)
  (компиляция исходного файла "OldTask5.cpp")
  
E:\Users\Александр\source\repos\OldTask5\OldTask5\polzovatel.h(17,130): warning C4566: символ, представленный универсальным именем символа "\u00EE", невозможно представить в текущей кодовой странице (1251)
  (компиляция исходного файла "OldTask5.cpp")
  
E:\Users\Александр\source\repos\OldTask5\OldTask5\polzovatel.h(17,130): warning C4566: символ, представленный универсальным именем символа "\u00E3", невозможно представить в текущей кодовой странице (1251)
  (компиляция исходного файла "OldTask5.cpp")
  
E:\Users\Александр\source\repos\OldTask5\OldTask5\polzovatel.h(17,130): warning C4566: символ, представленный универсальным именем символа "\u00E8", невозможно представить в текущей кодовой странице (1251)
  (компиляция исходного файла "OldTask5.cpp")
  
E:\Users\Александр\source\repos\OldTask5\OldTask5\polzovatel.h(17,130): warning C4566: символ, представленный универсальным именем символа "\u00ED", невозможно представить в текущей кодовой странице (1251)
  (компиляция исходного файла "OldTask5.cpp")
  
E:\Users\Александр\source\repos\OldTask5\OldTask5\polzovatel.h(17,130): warning C4566: символ, представленный универсальным именем символа "\u00EF", невозможно представить в текущей кодовой странице (1251)
  (компиляция исходного файла "OldTask5.cpp")
  
E:\Users\Александр\source\repos\OldTask5\OldTask5\polzovatel.h(17,130): warning C4566: символ, представленный универсальным именем символа "\u00EB", невозможно представить в текущей кодовой странице (1251)
  (компиляция исходного файла "OldTask5.cpp")
  
E:\Users\Александр\source\repos\OldTask5\OldTask5\polzovatel.h(17,130): warning C4566: символ, представленный универсальным именем символа "\u00FC", невозможно представить в текущей кодовой странице (1251)
  (компиляция исходного файла "OldTask5.cpp")
  
E:\Users\Александр\source\repos\OldTask5\OldTask5\polzovatel.h(17,130): warning C4566: символ, представленный универсальным именем символа "\u00E7", невозможно представить в текущей кодовой странице (1251)
  (компиляция исходного файла "OldTask5.cpp")
  
E:\Users\Александр\source\repos\OldTask5\OldTask5\polzovatel.h(17,130): warning C4566: символ, представленный универсальным именем символа "\u00E2", невозможно представить в текущей кодовой странице (1251)
  (компиляция исходного файла "OldTask5.cpp")
  
E:\Users\Александр\source\repos\OldTask5\OldTask5\polzovatel.h(17,130): warning C4566: символ, представленный универсальным именем символа "\u00E0", невозможно представить в текущей кодовой странице (1251)
  (компиляция исходного файла "OldTask5.cpp")
  
E:\Users\Александр\source\repos\OldTask5\OldTask5\polzovatel.h(17,130): warning C4566: символ, представленный универсальным именем символа "\u00F2", невозможно представить в текущей кодовой странице (1251)
  (компиляция исходного файла "OldTask5.cpp")
  
E:\Users\Александр\source\repos\OldTask5\OldTask5\polzovatel.h(17,130): warning C4566: символ, представленный универсальным именем символа "\u00E5", невозможно представить в текущей кодовой странице (1251)
  (компиляция исходного файла "OldTask5.cpp")
  
E:\Users\Александр\source\repos\OldTask5\OldTask5\polzovatel.h(17,130): warning C4566: символ, представленный универсальным именем символа "\u00FF", невозможно представить в текущей кодовой странице (1251)
  (компиляция исходного файла "OldTask5.cpp")
  
E:\Users\Александр\source\repos\OldTask5\OldTask5\tovar.h(17,16): warning C4566: символ, представленный универсальным именем символа "\uFFFD", невозможно представить в текущей кодовой странице (1251)
  (компиляция исходного файла "OldTask5.cpp")
  
E:\Users\Александр\source\repos\OldTask5\OldTask5\tovar.h(17,62): warning C4566: символ, представленный универсальным именем символа "\uFFFD", невозможно представить в текущей кодовой странице (1251)
  (компиляция исходного файла "OldTask5.cpp")
  
E:\Users\Александр\source\repos\OldTask5\OldTask5\tovar.h(17,128): warning C4566: символ, представленный универсальным именем символа "\uFFFD", невозможно представить в текущей кодовой странице (1251)
  (компиляция исходного файла "OldTask5.cpp")
  
E:\Users\Александр\source\repos\OldTask5\OldTask5\teacher.h(17,16): warning C4566: символ, представленный универсальным именем символа "\uFFFD", невозможно представить в текущей кодовой странице (1251)
  (компиляция исходного файла "OldTask5.cpp")
  
E:\Users\Александр\source\repos\OldTask5\OldTask5\teacher.h(17,66): warning C4566: символ, представленный универсальным именем символа "\uFFFD", невозможно представить в текущей кодовой странице (1251)
  (компиляция исходного файла "OldTask5.cpp")
  
E:\Users\Александр\source\repos\OldTask5\OldTask5\teacher.h(17,132): warning C4566: символ, представленный универсальным именем символа "\uFFFD", невозможно представить в текущей кодовой странице (1251)
  (компиляция исходного файла "OldTask5.cpp")
  
E:\Users\Александр\source\repos\OldTask5\OldTask5\client.h(17,16): warning C4566: символ, представленный универсальным именем символа "\uFFFD", невозможно представить в текущей кодовой странице (1251)
  (компиляция исходного файла "OldTask5.cpp")
  
E:\Users\Александр\source\repos\OldTask5\OldTask5\client.h(17,67): warning C4566: символ, представленный универсальным именем символа "\uFFFD", невозможно представить в текущей кодовой странице (1251)
  (компиляция исходного файла "OldTask5.cpp")
  
E:\Users\Александр\source\repos\OldTask5\OldTask5\client.h(17,134): warning C4566: символ, представленный универсальным именем символа "\uFFFD", невозможно представить в текущей кодовой странице (1251)
  (компиляция исходного файла "OldTask5.cpp")
  
E:\Users\Александр\source\repos\OldTask5\OldTask5\store.h(17,16): warning C4566: символ, представленный универсальным именем символа "\uFFFD", невозможно представить в текущей кодовой странице (1251)
  (компиляция исходного файла "OldTask5.cpp")
  
E:\Users\Александр\source\repos\OldTask5\OldTask5\store.h(17,85): warning C4566: символ, представленный универсальным именем символа "\uFFFD", невозможно представить в текущей кодовой странице (1251)
  (компиляция исходного файла "OldTask5.cpp")
  
E:\Users\Александр\source\repos\OldTask5\OldTask5\store.h(17,149): warning C4566: символ, представленный универсальным именем символа "\uFFFD", невозможно представить в текущей кодовой странице (1251)
  (компиляция исходного файла "OldTask5.cpp")
  
E:\Users\Александр\source\repos\OldTask5\OldTask5\bank.h(17,16): warning C4566: символ, представленный универсальным именем символа "\uFFFD", невозможно представить в текущей кодовой странице (1251)
  (компиляция исходного файла "OldTask5.cpp")
  
E:\Users\Александр\source\repos\OldTask5\OldTask5\bank.h(17,76): warning C4566: символ, представленный универсальным именем символа "\uFFFD", невозможно представить в текущей кодовой странице (1251)
  (компиляция исходного файла "OldTask5.cpp")
  
E:\Users\Александр\source\repos\OldTask5\OldTask5\bank.h(17,131): warning C4566: символ, представленный универсальным именем символа "\uFFFD", невозможно представить в текущей кодовой странице (1251)
  (компиляция исходного файла "OldTask5.cpp")
  
E:\Users\Александр\source\repos\OldTask5\OldTask5\university.h(17,16): warning C4566: символ, представленный универсальным именем символа "\uFFFD", невозможно представить в текущей кодовой странице (1251)
  (компиляция исходного файла "OldTask5.cpp")
  
E:\Users\Александр\source\repos\OldTask5\OldTask5\university.h(17,98): warning C4566: символ, представленный универсальным именем символа "\uFFFD", невозможно представить в текущей кодовой странице (1251)
  (компиляция исходного файла "OldTask5.cpp")
  
E:\Users\Александр\source\repos\OldTask5\OldTask5\university.h(17,175): warning C4566: символ, представленный универсальным именем символа "\uFFFD", невозможно представить в текущей кодовой странице (1251)
  (компиляция исходного файла "OldTask5.cpp")
  
E:\Users\Александр\source\repos\OldTask5\OldTask5\school.h(17,16): warning C4566: символ, представленный универсальным именем символа "\uFFFD", невозможно представить в текущей кодовой странице (1251)
  (компиляция исходного файла "OldTask5.cpp")
  
E:\Users\Александр\source\repos\OldTask5\OldTask5\school.h(17,74): warning C4566: символ, представленный универсальным именем символа "\uFFFD", невозможно представить в текущей кодовой странице (1251)
  (компиляция исходного файла "OldTask5.cpp")
  
E:\Users\Александр\source\repos\OldTask5\OldTask5\school.h(17,127): warning C4566: символ, представленный универсальным именем символа "\uFFFD", невозможно представить в текущей кодовой странице (1251)
  (компиляция исходного файла "OldTask5.cpp")
  
E:\Users\Александр\source\repos\OldTask5\OldTask5\library.h(17,16): warning C4566: символ, представленный универсальным именем символа "\uFFFD", невозможно представить в текущей кодовой странице (1251)
  (компиляция исходного файла "OldTask5.cpp")
  
E:\Users\Александр\source\repos\OldTask5\OldTask5\library.h(17,89): warning C4566: символ, представленный универсальным именем символа "\uFFFD", невозможно представить в текущей кодовой странице (1251)
  (компиляция исходного файла "OldTask5.cpp")
  
E:\Users\Александр\source\repos\OldTask5\OldTask5\library.h(17,157): warning C4566: символ, представленный универсальным именем символа "\uFFFD", невозможно представить в текущей кодовой странице (1251)
  (компиляция исходного файла "OldTask5.cpp")
  
E:\Users\Александр\source\repos\OldTask5\OldTask5\museum.h(17,16): warning C4566: символ, представленный универсальным именем символа "\uFFFD", невозможно представить в текущей кодовой странице (1251)
  (компиляция исходного файла "OldTask5.cpp")
  
E:\Users\Александр\source\repos\OldTask5\OldTask5\museum.h(17,74): warning C4566: символ, представленный универсальным именем символа "\uFFFD", невозможно представить в текущей кодовой странице (1251)
  (компиляция исходного файла "OldTask5.cpp")
  
E:\Users\Александр\source\repos\OldTask5\OldTask5\museum.h(17,127): warning C4566: символ, представленный универсальным именем символа "\uFFFD", невозможно представить в текущей кодовой странице (1251)
  (компиляция исходного файла "OldTask5.cpp")
  
E:\Users\Александр\source\repos\OldTask5\OldTask5\theater.h(17,16): warning C4566: символ, представленный универсальным именем символа "\uFFFD", невозможно представить в текущей кодовой странице (1251)
  (компиляция исходного файла "OldTask5.cpp")
  
E:\Users\Александр\source\repos\OldTask5\OldTask5\theater.h(17,77): warning C4566: символ, представленный универсальным именем символа "\uFFFD", невозможно представить в текущей кодовой странице (1251)
  (компиляция исходного файла "OldTask5.cpp")
  
E:\Users\Александр\source\repos\OldTask5\OldTask5\theater.h(17,133): warning C4566: символ, представленный универсальным именем символа "\uFFFD", невозможно представить в текущей кодовой странице (1251)
  (компиляция исходного файла "OldTask5.cpp")
  
E:\Users\Александр\source\repos\OldTask5\OldTask5\absolutecinema.h(17,16): warning C4566: символ, представленный универсальным именем символа "\uFFFD", невозможно представить в текущей кодовой странице (1251)
  (компиляция исходного файла "OldTask5.cpp")
  
E:\Users\Александр\source\repos\OldTask5\OldTask5\absolutecinema.h(17,89): warning C4566: символ, представленный универсальным именем символа "\uFFFD", невозможно представить в текущей кодовой странице (1251)
  (компиляция исходного файла "OldTask5.cpp")
  
E:\Users\Александр\source\repos\OldTask5\OldTask5\absolutecinema.h(17,157): warning C4566: символ, представленный универсальным именем символа "\uFFFD", невозможно представить в текущей кодовой странице (1251)
  (компиляция исходного файла "OldTask5.cpp")
  
E:\Users\Александр\source\repos\OldTask5\OldTask5\restoran.h(17,16): warning C4566: символ, представленный универсальным именем символа "\uFFFD", невозможно представить в текущей кодовой странице (1251)
  (компиляция исходного файла "OldTask5.cpp")
  
E:\Users\Александр\source\repos\OldTask5\OldTask5\restoran.h(17,86): warning C4566: символ, представленный универсальным именем символа "\uFFFD", невозможно представить в текущей кодовой странице (1251)
  (компиляция исходного файла "OldTask5.cpp")
  
E:\Users\Александр\source\repos\OldTask5\OldTask5\restoran.h(17,151): warning C4566: символ, представленный универсальным именем символа "\uFFFD", невозможно представить в текущей кодовой странице (1251)
  (компиляция исходного файла "OldTask5.cpp")
  
E:\Users\Александр\source\repos\OldTask5\OldTask5\cafe.h(17,16): warning C4566: символ, представленный универсальным именем символа "\uFFFD", невозможно представить в текущей кодовой странице (1251)
  (компиляция исходного файла "OldTask5.cpp")
  
E:\Users\Александр\source\repos\OldTask5\OldTask5\cafe.h(17,71): warning C4566: символ, представленный универсальным именем символа "\uFFFD", невозможно представить в текущей кодовой странице (1251)
  (компиляция исходного файла "OldTask5.cpp")
  
E:\Users\Александр\source\repos\OldTask5\OldTask5\cafe.h(17,121): warning C4566: символ, представленный универсальным именем символа "\uFFFD", невозможно представить в текущей кодовой странице (1251)
  (компиляция исходного файла "OldTask5.cpp")
  
E:\Users\Александр\source\repos\OldTask5\OldTask5\hotel.h(17,16): warning C4566: символ, представленный универсальным именем символа "\uFFFD", невозможно представить в текущей кодовой странице (1251)
  (компиляция исходного файла "OldTask5.cpp")
  
E:\Users\Александр\source\repos\OldTask5\OldTask5\hotel.h(17,74): warning C4566: символ, представленный универсальным именем символа "\uFFFD", невозможно представить в текущей кодовой странице (1251)
  (компиляция исходного файла "OldTask5.cpp")
  
E:\Users\Александр\source\repos\OldTask5\OldTask5\hotel.h(17,127): warning C4566: символ, представленный универсальным именем символа "\uFFFD", невозможно представить в текущей кодовой странице (1251)
  (компиляция исходного файла "OldTask5.cpp")
  
E:\Users\Александр\source\repos\OldTask5\OldTask5\airport.h(17,16): warning C4566: символ, представленный универсальным именем символа "\uFFFD", невозможно представить в текущей кодовой странице (1251)
  (компиляция исходного файла "OldTask5.cpp")
  
E:\Users\Александр\source\repos\OldTask5\OldTask5\airport.h(17,86): warning C4566: символ, представленный универсальным именем символа "\uFFFD", невозможно представить в текущей кодовой странице (1251)
  (компиляция исходного файла "OldTask5.cpp")
  
E:\Users\Александр\source\repos\OldTask5\OldTask5\airport.h(17,151): warning C4566: символ, представленный универсальным именем символа "\uFFFD", невозможно представить в текущей кодовой странице (1251)
  (компиляция исходного файла "OldTask5.cpp")
  
E:\Users\Александр\source\repos\OldTask5\OldTask5\railway.h(17,16): warning C4566: символ, представленный универсальным именем символа "\uFFFD", невозможно представить в текущей кодовой странице (1251)
  (компиляция исходного файла "OldTask5.cpp")
  
E:\Users\Александр\source\repos\OldTask5\OldTask5\railway.h(17,126): warning C4566: символ, представленный универсальным именем символа "\uFFFD", невозможно представить в текущей кодовой странице (1251)
  (компиляция исходного файла "OldTask5.cpp")
  
E:\Users\Александр\source\repos\OldTask5\OldTask5\railway.h(17,231): warning C4566: символ, представленный универсальным именем символа "\uFFFD", невозможно представить в текущей кодовой странице (1251)
  (компиляция исходного файла "OldTask5.cpp")
  
E:\Users\Александр\source\repos\OldTask5\OldTask5\bus.h(17,16): warning C4566: символ, представленный универсальным именем символа "\uFFFD", невозможно представить в текущей кодовой странице (1251)
  (компиляция исходного файла "OldTask5.cpp")
  
E:\Users\Александр\source\repos\OldTask5\OldTask5\bus.h(17,110): warning C4566: символ, представленный универсальным именем символа "\uFFFD", невозможно представить в текущей кодовой странице (1251)
  (компиляция исходного файла "OldTask5.cpp")
  
E:\Users\Александр\source\repos\OldTask5\OldTask5\bus.h(17,199): warning C4566: символ, представленный универсальным именем символа "\uFFFD", невозможно представить в текущей кодовой странице (1251)
  (компиляция исходного файла "OldTask5.cpp")
  
E:\Users\Александр\source\repos\OldTask5\OldTask5\park.h(17,16): warning C4566: символ, представленный универсальным именем символа "\uFFFD", невозможно представить в текущей кодовой странице (1251)
  (компиляция исходного файла "OldTask5.cpp")
  
E:\Users\Александр\source\repos\OldTask5\OldTask5\park.h(17,74): warning C4566: символ, представленный универсальным именем символа "\uFFFD", невозможно представить в текущей кодовой странице (1251)
  (компиляция исходного файла "OldTask5.cpp")
  
E:\Users\Александр\source\repos\OldTask5\OldTask5\park.h(17,127): warning C4566: символ, представленный универсальным именем символа "\uFFFD", невозможно представить в текущей кодовой странице (1251)
  (компиляция исходного файла "OldTask5.cpp")
  
E:\Users\Александр\source\repos\OldTask5\OldTask5\sad.h(17,16): warning C4566: символ, представленный универсальным именем символа "\uFFFD", невозможно представить в текущей кодовой странице (1251)
  (компиляция исходного файла "OldTask5.cpp")
  
E:\Users\Александр\source\repos\OldTask5\OldTask5\sad.h(17,70): warning C4566: символ, представленный универсальным именем символа "\uFFFD", невозможно представить в текущей кодовой странице (1251)
  (компиляция исходного файла "OldTask5.cpp")
  
E:\Users\Александр\source\repos\OldTask5\OldTask5\sad.h(17,119): warning C4566: символ, представленный универсальным именем символа "\uFFFD", невозможно представить в текущей кодовой странице (1251)
  (компиляция исходного файла "OldTask5.cpp")
  
E:\Users\Александр\source\repos\OldTask5\OldTask5\zoo.h(17,16): warning C4566: символ, представленный универсальным именем символа "\uFFFD", невозможно представить в текущей кодовой странице (1251)
  (компиляция исходного файла "OldTask5.cpp")
  
E:\Users\Александр\source\repos\OldTask5\OldTask5\zoo.h(17,86): warning C4566: символ, представленный универсальным именем символа "\uFFFD", невозможно представить в текущей кодовой странице (1251)
  (компиляция исходного файла "OldTask5.cpp")
  
E:\Users\Александр\source\repos\OldTask5\OldTask5\zoo.h(17,151): warning C4566: символ, представленный универсальным именем символа "\uFFFD", невозможно представить в текущей кодовой странице (1251)
  (компиляция исходного файла "OldTask5.cpp")
  
E:\Users\Александр\source\repos\OldTask5\OldTask5\apuarium.h(17,16): warning C4566: символ, представленный универсальным именем символа "\uFFFD", невозможно представить в текущей кодовой странице (1251)
  (компиляция исходного файла "OldTask5.cpp")
  
E:\Users\Александр\source\repos\OldTask5\OldTask5\apuarium.h(17,85): warning C4566: символ, представленный универсальным именем символа "\uFFFD", невозможно представить в текущей кодовой странице (1251)
  (компиляция исходного файла "OldTask5.cpp")
  
E:\Users\Александр\source\repos\OldTask5\OldTask5\apuarium.h(17,149): warning C4566: символ, представленный универсальным именем символа "\uFFFD", невозможно представить в текущей кодовой странице (1251)
  (компиляция исходного файла "OldTask5.cpp")
  
E:\Users\Александр\source\repos\OldTask5\OldTask5\musumisk.h(17,16): warning C4566: символ, представленный универсальным именем символа "\uFFFD", невозможно представить в текущей кодовой странице (1251)
  (компиляция исходного файла "OldTask5.cpp")
  
E:\Users\Александр\source\repos\OldTask5\OldTask5\musumisk.h(17,74): warning C4566: символ, представленный универсальным именем символа "\uFFFD", невозможно представить в текущей кодовой странице (1251)
  (компиляция исходного файла "OldTask5.cpp")
  
E:\Users\Александр\source\repos\OldTask5\OldTask5\musumisk.h(17,127): warning C4566: символ, представленный универсальным именем символа "\uFFFD", невозможно представить в текущей кодовой странице (1251)
  (компиляция исходного файла "OldTask5.cpp")
  
E:\Users\Александр\source\repos\OldTask5\OldTask5\operathe.h(17,16): warning C4566: символ, представленный универсальным именем символа "\uFFFD", невозможно представить в текущей кодовой странице (1251)
  (компиляция исходного файла "OldTask5.cpp")
  
E:\Users\Александр\source\repos\OldTask5\OldTask5\operathe.h(17,77): warning C4566: символ, представленный универсальным именем символа "\uFFFD", невозможно представить в текущей кодовой странице (1251)
  (компиляция исходного файла "OldTask5.cpp")
  
E:\Users\Александр\source\repos\OldTask5\OldTask5\operathe.h(17,133): warning C4566: символ, представленный универсальным именем символа "\uFFFD", невозможно представить в текущей кодовой странице (1251)
  (компиляция исходного файла "OldTask5.cpp")
  
  OldTask5.vcxproj -> E:\Users\Александр\source\repos\OldTask5\x64\Debug\OldTask5.exe
